<?xml version="1.0" encoding="UTF-8"?>
<testsuite xmlns:xsi="http://www.w3.org/2001/XMLSchema-instance" xsi:noNamespaceSchemaLocation="https://maven.apache.org/surefire/maven-surefire-plugin/xsd/surefire-test-report.xsd" name="TestSuite" time="39.62" tests="1" errors="0" skipped="0" failures="0">
  <properties>
    <property name="sun.desktop" value="windows"/>
    <property name="awt.toolkit" value="sun.awt.windows.WToolkit"/>
    <property name="file.encoding.pkg" value="sun.io"/>
    <property name="java.specification.version" value="1.8"/>
    <property name="sun.cpu.isalist" value="amd64"/>
    <property name="sun.jnu.encoding" value="Cp1252"/>
    <property name="java.class.path" value="D:\Users\asanth\workspace\ecommerceGuru99\target\test-classes;D:\Users\asanth\workspace\ecommerceGuru99\target\classes;D:\Users\asanth\.m2\repository\org\seleniumhq\selenium\selenium-java\3.141.59\selenium-java-3.141.59.jar;D:\Users\asanth\.m2\repository\org\seleniumhq\selenium\selenium-api\3.141.59\selenium-api-3.141.59.jar;D:\Users\asanth\.m2\repository\org\seleniumhq\selenium\selenium-chrome-driver\3.141.59\selenium-chrome-driver-3.141.59.jar;D:\Users\asanth\.m2\repository\org\seleniumhq\selenium\selenium-edge-driver\3.141.59\selenium-edge-driver-3.141.59.jar;D:\Users\asanth\.m2\repository\org\seleniumhq\selenium\selenium-firefox-driver\3.141.59\selenium-firefox-driver-3.141.59.jar;D:\Users\asanth\.m2\repository\org\seleniumhq\selenium\selenium-ie-driver\3.141.59\selenium-ie-driver-3.141.59.jar;D:\Users\asanth\.m2\repository\org\seleniumhq\selenium\selenium-opera-driver\3.141.59\selenium-opera-driver-3.141.59.jar;D:\Users\asanth\.m2\repository\org\seleniumhq\selenium\selenium-remote-driver\3.141.59\selenium-remote-driver-3.141.59.jar;D:\Users\asanth\.m2\repository\org\seleniumhq\selenium\selenium-safari-driver\3.141.59\selenium-safari-driver-3.141.59.jar;D:\Users\asanth\.m2\repository\org\seleniumhq\selenium\selenium-support\3.141.59\selenium-support-3.141.59.jar;D:\Users\asanth\.m2\repository\net\bytebuddy\byte-buddy\1.8.15\byte-buddy-1.8.15.jar;D:\Users\asanth\.m2\repository\org\apache\commons\commons-exec\1.3\commons-exec-1.3.jar;D:\Users\asanth\.m2\repository\com\google\guava\guava\25.0-jre\guava-25.0-jre.jar;D:\Users\asanth\.m2\repository\com\google\code\findbugs\jsr305\1.3.9\jsr305-1.3.9.jar;D:\Users\asanth\.m2\repository\org\checkerframework\checker-compat-qual\2.0.0\checker-compat-qual-2.0.0.jar;D:\Users\asanth\.m2\repository\com\google\errorprone\error_prone_annotations\2.1.3\error_prone_annotations-2.1.3.jar;D:\Users\asanth\.m2\repository\com\google\j2objc\j2objc-annotations\1.1\j2objc-annotations-1.1.jar;D:\Users\asanth\.m2\repository\org\codehaus\mojo\animal-sniffer-annotations\1.14\animal-sniffer-annotations-1.14.jar;D:\Users\asanth\.m2\repository\com\squareup\okhttp3\okhttp\3.11.0\okhttp-3.11.0.jar;D:\Users\asanth\.m2\repository\com\squareup\okio\okio\1.14.0\okio-1.14.0.jar;D:\Users\asanth\.m2\repository\org\seleniumhq\selenium\selenium-server\3.141.59\selenium-server-3.141.59.jar;D:\Users\asanth\.m2\repository\com\beust\jcommander\1.72\jcommander-1.72.jar;D:\Users\asanth\.m2\repository\net\jcip\jcip-annotations\1.0\jcip-annotations-1.0.jar;D:\Users\asanth\.m2\repository\org\seleniumhq\selenium\jetty-repacked\9.4.12.v20180830\jetty-repacked-9.4.12.v20180830.jar;D:\Users\asanth\.m2\repository\javax\servlet\javax.servlet-api\3.1.0\javax.servlet-api-3.1.0.jar;D:\Users\asanth\.m2\repository\org\yaml\snakeyaml\1.19\snakeyaml-1.19.jar;D:\Users\asanth\.m2\repository\org\testng\testng\6.14.3\testng-6.14.3.jar;D:\Users\asanth\.m2\repository\org\apache-extras\beanshell\bsh\2.0b6\bsh-2.0b6.jar;D:\Users\asanth\.m2\repository\com\opencsv\opencsv\5.2\opencsv-5.2.jar;D:\Users\asanth\.m2\repository\org\apache\commons\commons-lang3\3.10\commons-lang3-3.10.jar;D:\Users\asanth\.m2\repository\org\apache\commons\commons-text\1.8\commons-text-1.8.jar;D:\Users\asanth\.m2\repository\commons-beanutils\commons-beanutils\1.9.4\commons-beanutils-1.9.4.jar;D:\Users\asanth\.m2\repository\commons-logging\commons-logging\1.2\commons-logging-1.2.jar;D:\Users\asanth\.m2\repository\commons-collections\commons-collections\3.2.2\commons-collections-3.2.2.jar;D:\Users\asanth\.m2\repository\org\apache\commons\commons-collections4\4.4\commons-collections4-4.4.jar;D:\Users\asanth\.m2\repository\javax\mail\mail\1.5.0-b01\mail-1.5.0-b01.jar;D:\Users\asanth\.m2\repository\com\sun\mail\smtp\2.0.0-RC6\smtp-2.0.0-RC6.jar;D:\Users\asanth\.m2\repository\com\sun\mail\mailapi\2.0.0-RC6\mailapi-2.0.0-RC6.jar;D:\Users\asanth\.m2\repository\com\sun\activation\jakarta.activation\2.0.0-RC3\jakarta.activation-2.0.0-RC3.jar;D:\Users\asanth\.m2\repository\javax\activation\activation\1.1.1\activation-1.1.1.jar;D:\Users\asanth\.m2\repository\org\hamcrest\hamcrest-core\1.3\hamcrest-core-1.3.jar;D:\Users\asanth\.m2\repository\commons-io\commons-io\2.6\commons-io-2.6.jar;D:\Users\asanth\.m2\repository\junit\junit\4.12\junit-4.12.jar;D:\Users\asanth\.m2\repository\org\apache\xmlbeans\xmlbeans\2.6.0\xmlbeans-2.6.0.jar;D:\Users\asanth\.m2\repository\stax\stax-api\1.0.1\stax-api-1.0.1.jar;D:\Users\asanth\.m2\repository\com\sikulix\sikulixapi\2.0.4\sikulixapi-2.0.4.jar;D:\Users\asanth\.m2\repository\com\sikulix\sikulix2tigervnc\1.1.4\sikulix2tigervnc-1.1.4.jar;D:\Users\asanth\.m2\repository\commons-cli\commons-cli\1.4\commons-cli-1.4.jar;D:\Users\asanth\.m2\repository\net\java\dev\jna\jna-platform\5.4.0\jna-platform-5.4.0.jar;D:\Users\asanth\.m2\repository\net\java\dev\jna\jna\5.4.0\jna-5.4.0.jar;D:\Users\asanth\.m2\repository\net\oneandone\reflections8\reflections8\0.11.6\reflections8-0.11.6.jar;D:\Users\asanth\.m2\repository\org\javassist\javassist\3.22.0-GA\javassist-3.22.0-GA.jar;D:\Users\asanth\.m2\repository\net\sourceforge\tess4j\tess4j\4.4.1\tess4j-4.4.1.jar;D:\Users\asanth\.m2\repository\com\github\jai-imageio\jai-imageio-core\1.4.0\jai-imageio-core-1.4.0.jar;D:\Users\asanth\.m2\repository\org\ghost4j\ghost4j\1.0.1\ghost4j-1.0.1.jar;D:\Users\asanth\.m2\repository\log4j\log4j\1.2.17\log4j-1.2.17.jar;D:\Users\asanth\.m2\repository\org\apache\xmlgraphics\xmlgraphics-commons\1.4\xmlgraphics-commons-1.4.jar;D:\Users\asanth\.m2\repository\com\lowagie\itext\2.1.7\itext-2.1.7.jar;D:\Users\asanth\.m2\repository\org\apache\pdfbox\pdfbox\2.0.17\pdfbox-2.0.17.jar;D:\Users\asanth\.m2\repository\org\apache\pdfbox\fontbox\2.0.17\fontbox-2.0.17.jar;D:\Users\asanth\.m2\repository\org\apache\pdfbox\pdfbox-tools\2.0.17\pdfbox-tools-2.0.17.jar;D:\Users\asanth\.m2\repository\org\apache\pdfbox\pdfbox-debugger\2.0.17\pdfbox-debugger-2.0.17.jar;D:\Users\asanth\.m2\repository\org\apache\pdfbox\jbig2-imageio\3.0.2\jbig2-imageio-3.0.2.jar;D:\Users\asanth\.m2\repository\net\sourceforge\lept4j\lept4j\1.12.3\lept4j-1.12.3.jar;D:\Users\asanth\.m2\repository\org\jboss\jboss-vfs\3.2.14.Final\jboss-vfs-3.2.14.Final.jar;D:\Users\asanth\.m2\repository\org\jboss\logging\jboss-logging\3.1.4.GA\jboss-logging-3.1.4.GA.jar;D:\Users\asanth\.m2\repository\org\slf4j\jul-to-slf4j\1.7.28\jul-to-slf4j-1.7.28.jar;D:\Users\asanth\.m2\repository\org\slf4j\jcl-over-slf4j\1.7.28\jcl-over-slf4j-1.7.28.jar;D:\Users\asanth\.m2\repository\org\slf4j\log4j-over-slf4j\1.7.28\log4j-over-slf4j-1.7.28.jar;D:\Users\asanth\.m2\repository\org\slf4j\slf4j-nop\1.7.28\slf4j-nop-1.7.28.jar;D:\Users\asanth\.m2\repository\org\slf4j\slf4j-api\1.7.28\slf4j-api-1.7.28.jar;D:\Users\asanth\.m2\repository\org\apache\poi\poi\3.11\poi-3.11.jar;D:\Users\asanth\.m2\repository\commons-codec\commons-codec\1.9\commons-codec-1.9.jar;D:\Users\asanth\.m2\repository\org\apache\poi\poi-examples\3.11\poi-examples-3.11.jar;D:\Users\asanth\.m2\repository\org\apache\poi\poi-excelant\3.11\poi-excelant-3.11.jar;D:\Users\asanth\.m2\repository\org\apache\ant\ant\1.8.2\ant-1.8.2.jar;D:\Users\asanth\.m2\repository\org\apache\ant\ant-launcher\1.8.2\ant-launcher-1.8.2.jar;D:\Users\asanth\.m2\repository\org\apache\poi\poi-ooxml\3.11\poi-ooxml-3.11.jar;D:\Users\asanth\.m2\repository\org\apache\poi\poi-ooxml-schemas\3.11\poi-ooxml-schemas-3.11.jar;D:\Users\asanth\.m2\repository\org\apache\poi\poi-scratchpad\3.11\poi-scratchpad-3.11.jar;D:\Users\asanth\.m2\repository\org\apache\logging\log4j\log4j-api\2.12.1\log4j-api-2.12.1.jar;D:\Users\asanth\.m2\repository\org\apache\logging\log4j\log4j-core\2.12.1\log4j-core-2.12.1.jar;D:\Users\asanth\.m2\repository\com\aventstack\extentreports\4.0.9\extentreports-4.0.9.jar;D:\Users\asanth\.m2\repository\org\freemarker\freemarker\2.3.23\freemarker-2.3.23.jar;D:\Users\asanth\.m2\repository\org\mongodb\mongodb-driver\3.3.0\mongodb-driver-3.3.0.jar;D:\Users\asanth\.m2\repository\org\mongodb\mongodb-driver-core\3.3.0\mongodb-driver-core-3.3.0.jar;D:\Users\asanth\.m2\repository\org\mongodb\bson\3.3.0\bson-3.3.0.jar;D:\Users\asanth\.m2\repository\org\apache\httpcomponents\httpclient\4.5.2\httpclient-4.5.2.jar;D:\Users\asanth\.m2\repository\org\apache\httpcomponents\httpcore\4.4.4\httpcore-4.4.4.jar;D:\Users\asanth\.m2\repository\org\apache\httpcomponents\httpmime\4.5.2\httpmime-4.5.2.jar;D:\Users\asanth\.m2\repository\com\google\code\gson\gson\2.8.5\gson-2.8.5.jar;D:\Users\asanth\.m2\repository\org\apache\maven\surefire\surefire-testng-utils\2.22.0\surefire-testng-utils-2.22.0.jar;D:\Users\asanth\.m2\repository\org\apache\maven\surefire\surefire-grouper\2.22.0\surefire-grouper-2.22.0.jar;"/>
    <property name="java.vm.vendor" value="Oracle Corporation"/>
    <property name="sun.arch.data.model" value="64"/>
    <property name="user.variant" value=""/>
    <property name="java.vendor.url" value="http://java.oracle.com/"/>
    <property name="user.timezone" value="Asia/Calcutta"/>
    <property name="java.vm.specification.version" value="1.8"/>
    <property name="os.name" value="Windows 10"/>
    <property name="user.country" value="US"/>
    <property name="sun.java.launcher" value="SUN_STANDARD"/>
    <property name="sun.boot.library.path" value="C:\Program Files\Java\jdk1.8.0_261\jre\bin"/>
    <property name="sun.java.command" value="D:\Users\asanth\AppData\Local\Temp\surefire1889918867193143815\surefirebooter7228584539564877671.jar D:\Users\asanth\AppData\Local\Temp\surefire1889918867193143815 2020-11-11T20-05-22_669-jvmRun1 surefire1475752583817377932tmp surefire_04422880770322827503tmp"/>
    <property name="surefire.test.class.path" value="D:\Users\asanth\workspace\ecommerceGuru99\target\test-classes;D:\Users\asanth\workspace\ecommerceGuru99\target\classes;D:\Users\asanth\.m2\repository\org\seleniumhq\selenium\selenium-java\3.141.59\selenium-java-3.141.59.jar;D:\Users\asanth\.m2\repository\org\seleniumhq\selenium\selenium-api\3.141.59\selenium-api-3.141.59.jar;D:\Users\asanth\.m2\repository\org\seleniumhq\selenium\selenium-chrome-driver\3.141.59\selenium-chrome-driver-3.141.59.jar;D:\Users\asanth\.m2\repository\org\seleniumhq\selenium\selenium-edge-driver\3.141.59\selenium-edge-driver-3.141.59.jar;D:\Users\asanth\.m2\repository\org\seleniumhq\selenium\selenium-firefox-driver\3.141.59\selenium-firefox-driver-3.141.59.jar;D:\Users\asanth\.m2\repository\org\seleniumhq\selenium\selenium-ie-driver\3.141.59\selenium-ie-driver-3.141.59.jar;D:\Users\asanth\.m2\repository\org\seleniumhq\selenium\selenium-opera-driver\3.141.59\selenium-opera-driver-3.141.59.jar;D:\Users\asanth\.m2\repository\org\seleniumhq\selenium\selenium-remote-driver\3.141.59\selenium-remote-driver-3.141.59.jar;D:\Users\asanth\.m2\repository\org\seleniumhq\selenium\selenium-safari-driver\3.141.59\selenium-safari-driver-3.141.59.jar;D:\Users\asanth\.m2\repository\org\seleniumhq\selenium\selenium-support\3.141.59\selenium-support-3.141.59.jar;D:\Users\asanth\.m2\repository\net\bytebuddy\byte-buddy\1.8.15\byte-buddy-1.8.15.jar;D:\Users\asanth\.m2\repository\org\apache\commons\commons-exec\1.3\commons-exec-1.3.jar;D:\Users\asanth\.m2\repository\com\google\guava\guava\25.0-jre\guava-25.0-jre.jar;D:\Users\asanth\.m2\repository\com\google\code\findbugs\jsr305\1.3.9\jsr305-1.3.9.jar;D:\Users\asanth\.m2\repository\org\checkerframework\checker-compat-qual\2.0.0\checker-compat-qual-2.0.0.jar;D:\Users\asanth\.m2\repository\com\google\errorprone\error_prone_annotations\2.1.3\error_prone_annotations-2.1.3.jar;D:\Users\asanth\.m2\repository\com\google\j2objc\j2objc-annotations\1.1\j2objc-annotations-1.1.jar;D:\Users\asanth\.m2\repository\org\codehaus\mojo\animal-sniffer-annotations\1.14\animal-sniffer-annotations-1.14.jar;D:\Users\asanth\.m2\repository\com\squareup\okhttp3\okhttp\3.11.0\okhttp-3.11.0.jar;D:\Users\asanth\.m2\repository\com\squareup\okio\okio\1.14.0\okio-1.14.0.jar;D:\Users\asanth\.m2\repository\org\seleniumhq\selenium\selenium-server\3.141.59\selenium-server-3.141.59.jar;D:\Users\asanth\.m2\repository\com\beust\jcommander\1.72\jcommander-1.72.jar;D:\Users\asanth\.m2\repository\net\jcip\jcip-annotations\1.0\jcip-annotations-1.0.jar;D:\Users\asanth\.m2\repository\org\seleniumhq\selenium\jetty-repacked\9.4.12.v20180830\jetty-repacked-9.4.12.v20180830.jar;D:\Users\asanth\.m2\repository\javax\servlet\javax.servlet-api\3.1.0\javax.servlet-api-3.1.0.jar;D:\Users\asanth\.m2\repository\org\yaml\snakeyaml\1.19\snakeyaml-1.19.jar;D:\Users\asanth\.m2\repository\org\testng\testng\6.14.3\testng-6.14.3.jar;D:\Users\asanth\.m2\repository\org\apache-extras\beanshell\bsh\2.0b6\bsh-2.0b6.jar;D:\Users\asanth\.m2\repository\com\opencsv\opencsv\5.2\opencsv-5.2.jar;D:\Users\asanth\.m2\repository\org\apache\commons\commons-lang3\3.10\commons-lang3-3.10.jar;D:\Users\asanth\.m2\repository\org\apache\commons\commons-text\1.8\commons-text-1.8.jar;D:\Users\asanth\.m2\repository\commons-beanutils\commons-beanutils\1.9.4\commons-beanutils-1.9.4.jar;D:\Users\asanth\.m2\repository\commons-logging\commons-logging\1.2\commons-logging-1.2.jar;D:\Users\asanth\.m2\repository\commons-collections\commons-collections\3.2.2\commons-collections-3.2.2.jar;D:\Users\asanth\.m2\repository\org\apache\commons\commons-collections4\4.4\commons-collections4-4.4.jar;D:\Users\asanth\.m2\repository\javax\mail\mail\1.5.0-b01\mail-1.5.0-b01.jar;D:\Users\asanth\.m2\repository\com\sun\mail\smtp\2.0.0-RC6\smtp-2.0.0-RC6.jar;D:\Users\asanth\.m2\repository\com\sun\mail\mailapi\2.0.0-RC6\mailapi-2.0.0-RC6.jar;D:\Users\asanth\.m2\repository\com\sun\activation\jakarta.activation\2.0.0-RC3\jakarta.activation-2.0.0-RC3.jar;D:\Users\asanth\.m2\repository\javax\activation\activation\1.1.1\activation-1.1.1.jar;D:\Users\asanth\.m2\repository\org\hamcrest\hamcrest-core\1.3\hamcrest-core-1.3.jar;D:\Users\asanth\.m2\repository\commons-io\commons-io\2.6\commons-io-2.6.jar;D:\Users\asanth\.m2\repository\junit\junit\4.12\junit-4.12.jar;D:\Users\asanth\.m2\repository\org\apache\xmlbeans\xmlbeans\2.6.0\xmlbeans-2.6.0.jar;D:\Users\asanth\.m2\repository\stax\stax-api\1.0.1\stax-api-1.0.1.jar;D:\Users\asanth\.m2\repository\com\sikulix\sikulixapi\2.0.4\sikulixapi-2.0.4.jar;D:\Users\asanth\.m2\repository\com\sikulix\sikulix2tigervnc\1.1.4\sikulix2tigervnc-1.1.4.jar;D:\Users\asanth\.m2\repository\commons-cli\commons-cli\1.4\commons-cli-1.4.jar;D:\Users\asanth\.m2\repository\net\java\dev\jna\jna-platform\5.4.0\jna-platform-5.4.0.jar;D:\Users\asanth\.m2\repository\net\java\dev\jna\jna\5.4.0\jna-5.4.0.jar;D:\Users\asanth\.m2\repository\net\oneandone\reflections8\reflections8\0.11.6\reflections8-0.11.6.jar;D:\Users\asanth\.m2\repository\org\javassist\javassist\3.22.0-GA\javassist-3.22.0-GA.jar;D:\Users\asanth\.m2\repository\net\sourceforge\tess4j\tess4j\4.4.1\tess4j-4.4.1.jar;D:\Users\asanth\.m2\repository\com\github\jai-imageio\jai-imageio-core\1.4.0\jai-imageio-core-1.4.0.jar;D:\Users\asanth\.m2\repository\org\ghost4j\ghost4j\1.0.1\ghost4j-1.0.1.jar;D:\Users\asanth\.m2\repository\log4j\log4j\1.2.17\log4j-1.2.17.jar;D:\Users\asanth\.m2\repository\org\apache\xmlgraphics\xmlgraphics-commons\1.4\xmlgraphics-commons-1.4.jar;D:\Users\asanth\.m2\repository\com\lowagie\itext\2.1.7\itext-2.1.7.jar;D:\Users\asanth\.m2\repository\org\apache\pdfbox\pdfbox\2.0.17\pdfbox-2.0.17.jar;D:\Users\asanth\.m2\repository\org\apache\pdfbox\fontbox\2.0.17\fontbox-2.0.17.jar;D:\Users\asanth\.m2\repository\org\apache\pdfbox\pdfbox-tools\2.0.17\pdfbox-tools-2.0.17.jar;D:\Users\asanth\.m2\repository\org\apache\pdfbox\pdfbox-debugger\2.0.17\pdfbox-debugger-2.0.17.jar;D:\Users\asanth\.m2\repository\org\apache\pdfbox\jbig2-imageio\3.0.2\jbig2-imageio-3.0.2.jar;D:\Users\asanth\.m2\repository\net\sourceforge\lept4j\lept4j\1.12.3\lept4j-1.12.3.jar;D:\Users\asanth\.m2\repository\org\jboss\jboss-vfs\3.2.14.Final\jboss-vfs-3.2.14.Final.jar;D:\Users\asanth\.m2\repository\org\jboss\logging\jboss-logging\3.1.4.GA\jboss-logging-3.1.4.GA.jar;D:\Users\asanth\.m2\repository\org\slf4j\jul-to-slf4j\1.7.28\jul-to-slf4j-1.7.28.jar;D:\Users\asanth\.m2\repository\org\slf4j\jcl-over-slf4j\1.7.28\jcl-over-slf4j-1.7.28.jar;D:\Users\asanth\.m2\repository\org\slf4j\log4j-over-slf4j\1.7.28\log4j-over-slf4j-1.7.28.jar;D:\Users\asanth\.m2\repository\org\slf4j\slf4j-nop\1.7.28\slf4j-nop-1.7.28.jar;D:\Users\asanth\.m2\repository\org\slf4j\slf4j-api\1.7.28\slf4j-api-1.7.28.jar;D:\Users\asanth\.m2\repository\org\apache\poi\poi\3.11\poi-3.11.jar;D:\Users\asanth\.m2\repository\commons-codec\commons-codec\1.9\commons-codec-1.9.jar;D:\Users\asanth\.m2\repository\org\apache\poi\poi-examples\3.11\poi-examples-3.11.jar;D:\Users\asanth\.m2\repository\org\apache\poi\poi-excelant\3.11\poi-excelant-3.11.jar;D:\Users\asanth\.m2\repository\org\apache\ant\ant\1.8.2\ant-1.8.2.jar;D:\Users\asanth\.m2\repository\org\apache\ant\ant-launcher\1.8.2\ant-launcher-1.8.2.jar;D:\Users\asanth\.m2\repository\org\apache\poi\poi-ooxml\3.11\poi-ooxml-3.11.jar;D:\Users\asanth\.m2\repository\org\apache\poi\poi-ooxml-schemas\3.11\poi-ooxml-schemas-3.11.jar;D:\Users\asanth\.m2\repository\org\apache\poi\poi-scratchpad\3.11\poi-scratchpad-3.11.jar;D:\Users\asanth\.m2\repository\org\apache\logging\log4j\log4j-api\2.12.1\log4j-api-2.12.1.jar;D:\Users\asanth\.m2\repository\org\apache\logging\log4j\log4j-core\2.12.1\log4j-core-2.12.1.jar;D:\Users\asanth\.m2\repository\com\aventstack\extentreports\4.0.9\extentreports-4.0.9.jar;D:\Users\asanth\.m2\repository\org\freemarker\freemarker\2.3.23\freemarker-2.3.23.jar;D:\Users\asanth\.m2\repository\org\mongodb\mongodb-driver\3.3.0\mongodb-driver-3.3.0.jar;D:\Users\asanth\.m2\repository\org\mongodb\mongodb-driver-core\3.3.0\mongodb-driver-core-3.3.0.jar;D:\Users\asanth\.m2\repository\org\mongodb\bson\3.3.0\bson-3.3.0.jar;D:\Users\asanth\.m2\repository\org\apache\httpcomponents\httpclient\4.5.2\httpclient-4.5.2.jar;D:\Users\asanth\.m2\repository\org\apache\httpcomponents\httpcore\4.4.4\httpcore-4.4.4.jar;D:\Users\asanth\.m2\repository\org\apache\httpcomponents\httpmime\4.5.2\httpmime-4.5.2.jar;D:\Users\asanth\.m2\repository\com\google\code\gson\gson\2.8.5\gson-2.8.5.jar;D:\Users\asanth\.m2\repository\org\apache\maven\surefire\surefire-testng-utils\2.22.0\surefire-testng-utils-2.22.0.jar;D:\Users\asanth\.m2\repository\org\apache\maven\surefire\surefire-grouper\2.22.0\surefire-grouper-2.22.0.jar;"/>
    <property name="sun.cpu.endian" value="little"/>
    <property name="user.home" value="D:\Users\asanth"/>
    <property name="user.language" value="en"/>
    <property name="java.specification.vendor" value="Oracle Corporation"/>
    <property name="java.home" value="C:\Program Files\Java\jdk1.8.0_261\jre"/>
    <property name="basedir" value="D:\Users\asanth\workspace\ecommerceGuru99"/>
    <property name="file.separator" value="\"/>
    <property name="line.separator" value="&#10;"/>
    <property name="java.vm.specification.vendor" value="Oracle Corporation"/>
    <property name="java.specification.name" value="Java Platform API Specification"/>
    <property name="java.awt.graphicsenv" value="sun.awt.Win32GraphicsEnvironment"/>
    <property name="surefire.real.class.path" value="D:\Users\asanth\AppData\Local\Temp\surefire1889918867193143815\surefirebooter7228584539564877671.jar"/>
    <property name="sun.boot.class.path" value="C:\Program Files\Java\jdk1.8.0_261\jre\lib\resources.jar;C:\Program Files\Java\jdk1.8.0_261\jre\lib\rt.jar;C:\Program Files\Java\jdk1.8.0_261\jre\lib\sunrsasign.jar;C:\Program Files\Java\jdk1.8.0_261\jre\lib\jsse.jar;C:\Program Files\Java\jdk1.8.0_261\jre\lib\jce.jar;C:\Program Files\Java\jdk1.8.0_261\jre\lib\charsets.jar;C:\Program Files\Java\jdk1.8.0_261\jre\lib\jfr.jar;C:\Program Files\Java\jdk1.8.0_261\jre\classes"/>
    <property name="user.script" value=""/>
    <property name="sun.management.compiler" value="HotSpot 64-Bit Tiered Compilers"/>
    <property name="java.runtime.version" value="1.8.0_261-b12"/>
    <property name="user.name" value="asanth"/>
    <property name="path.separator" value=";"/>
    <property name="os.version" value="10.0"/>
    <property name="java.endorsed.dirs" value="C:\Program Files\Java\jdk1.8.0_261\jre\lib\endorsed"/>
    <property name="java.runtime.name" value="Java(TM) SE Runtime Environment"/>
    <property name="file.encoding" value="Cp1252"/>
    <property name="java.vm.name" value="Java HotSpot(TM) 64-Bit Server VM"/>
    <property name="localRepository" value="D:\Users\asanth\.m2\repository"/>
    <property name="java.vendor.url.bug" value="http://bugreport.sun.com/bugreport/"/>
    <property name="java.io.tmpdir" value="D:\Users\asanth\AppData\Local\Temp\"/>
    <property name="java.version" value="1.8.0_261"/>
    <property name="user.dir" value="D:\Users\asanth\workspace\ecommerceGuru99"/>
    <property name="os.arch" value="amd64"/>
    <property name="java.vm.specification.name" value="Java Virtual Machine Specification"/>
    <property name="java.awt.printerjob" value="sun.awt.windows.WPrinterJob"/>
    <property name="sun.os.patch.level" value=""/>
    <property name="java.library.path" value="C:\Program Files\Java\jdk1.8.0_261\jre\bin;C:\Windows\Sun\Java\bin;C:\Windows\system32;C:\Windows;D:\Complete Program Files\Maven\apache-maven-3.6.3-bin\apache-maven-3.6.3/bin;C:\Program Files\Java\jdk1.8.0_261/bin;C:\Program Files\Java\jdk1.8.0_261/bin;C:\Program Files (x86)\Common Files\Oracle\Java\javapath;C:\Windows\system32;C:\Windows;C:\Windows\System32\Wbem;C:\Windows\System32\WindowsPowerShell\v1.0\;C:\Windows\System32\OpenSSH\;D:\Complete Program Files\Maven\apache-maven-3.6.3-bin\apache-maven-3.6.3\bin;D:\Complete Program Files\chromedriver_win32;C:\Program Files\Git\cmd;C:\Program Files\Java\jdk1.8.0_261\bin;D:\Users\asanth\AppData\Local\Microsoft\WindowsApps;D:\Complete Program Files\sqlite-tools-win32-x86-3330000\sqlite-tools-win32-x86-3330000;;."/>
    <property name="java.vm.info" value="mixed mode"/>
    <property name="java.vendor" value="Oracle Corporation"/>
    <property name="java.vm.version" value="25.261-b12"/>
    <property name="java.ext.dirs" value="C:\Program Files\Java\jdk1.8.0_261\jre\lib\ext;C:\Windows\Sun\Java\lib\ext"/>
    <property name="sun.io.unicode.encoding" value="UnicodeLittle"/>
    <property name="java.class.version" value="52.0"/>
  </properties>
  <testcase name="testLogin" classname="tests.LoginTests" time="14.994"/>
</testsuite>