<?xml version="1.0" encoding="UTF-8"?>
<!-- Generated by org.testng.reporters.JUnitReportReporter -->
<testsuite hostname="DESKTOP-BKF216K" name="utilities.Practise" tests="1" failures="0" timestamp="7 Oct 2020 15:06:38 GMT" time="0.051" errors="0">
  <testcase name="f" time="0.051" classname="utilities.Practise"/>
</testsuite> <!-- utilities.Practise -->
