<?xml version="1.0" encoding="UTF-8"?>
<!-- Generated by org.testng.reporters.JUnitReportReporter -->
<testsuite hostname="DESKTOP-BKF216K" name="tests.WishListTest" tests="1" failures="0" timestamp="7 Sep 2020 07:49:58 GMT" time="4.393" errors="0">
  <testcase name="verifyMobileNameOrder" time="4.393" classname="tests.WishListTest"/>
</testsuite> <!-- tests.WishListTest -->
