<?xml version="1.0" encoding="UTF-8"?>
<!-- Generated by org.testng.reporters.JUnitReportReporter -->
<testsuite hostname="DESKTOP-BKF216K" name="practise.LoginTest" tests="1" failures="0" timestamp="13 Oct 2020 13:06:12 GMT" time="19.854" errors="0">
  <testcase name="testLogin" time="19.854" classname="practise.LoginTest"/>
</testsuite> <!-- practise.LoginTest -->
