<?xml version="1.0" encoding="UTF-8"?>
<!-- Generated by org.testng.reporters.JUnitReportReporter -->
<testsuite skipped="1" hostname="DESKTOP-BKF216K" name="tests.LoginTests" tests="2" failures="0" timestamp="11 Nov 2020 14:36:04 GMT" time="14.988" errors="0">
  <testcase name="testLogin" time="14.988" classname="tests.LoginTests"/>
  <testcase name="testInvalidLogin" classname="tests.LoginTests">
    <skipped/>
  </testcase> <!-- testInvalidLogin -->
</testsuite> <!-- tests.LoginTests -->
